2020-08-12 11:17:51,013 INFO  [log] 2 and 3
2020-08-12 11:17:51,027 INFO  [log] saroha.anjana${=String.valueOf(Math.random()*1000).substring(0,5)}@gmail.com
2020-08-12 11:17:51,042 INFO  [log] Anjana
2020-08-12 11:17:51,044 INFO  [log] Saroha
2020-08-12 11:18:01,390 INFO  [log] Status: FINISHED, time taken for TestCase was: 10170 ms
2020-08-12 11:18:01,430 INFO  [log] Number of test steps which ran: 6
2020-08-12 11:18:01,921 INFO  [log] 2
2020-08-12 11:18:01,940 INFO  [log] saroha.anjana098@gmail.com
2020-08-12 11:18:01,952 INFO  [log] Anjana198
2020-08-12 11:18:01,966 INFO  [log] Saroha098
2020-08-12 11:18:11,986 INFO  [log] Status: FINISHED, time taken for TestCase was: 9972 ms
2020-08-12 11:18:11,993 INFO  [log] Number of test steps which ran: 6
2020-08-12 11:18:12,005 INFO  [log] saroha.anjana09428@gmail.com
2020-08-12 11:18:12,010 INFO  [log] Anjana2198
2020-08-12 11:18:12,023 INFO  [log] Saroha2098
2020-08-12 11:18:21,637 INFO  [log] Status: FINISHED, time taken for TestCase was: 9569 ms
2020-08-12 11:18:21,638 INFO  [log] Number of test steps which ran: 6
2020-08-12 11:18:22,853 INFO  [log] 
2020-08-12 11:18:32,485 INFO  [log] 2 and 3
2020-08-12 11:18:32,486 INFO  [log] saroha.anjana${=String.valueOf(Math.random()*1000).substring(0,5)}@gmail.com
2020-08-12 11:18:32,490 INFO  [log] Anjana
2020-08-12 11:18:32,490 INFO  [log] Saroha
2020-08-12 11:18:33,449 INFO  [log] 4222
2020-08-12 11:18:42,005 INFO  [log] Status: FINISHED, time taken for TestCase was: 9475 ms
2020-08-12 11:18:42,006 INFO  [log] Number of test steps which ran: 6
2020-08-12 11:18:42,100 INFO  [log] 2
2020-08-12 11:18:42,107 INFO  [log] saroha.anjana098@gmail.com
2020-08-12 11:18:42,111 INFO  [log] Anjana198
2020-08-12 11:18:42,117 INFO  [log] Saroha098
2020-08-12 11:18:43,001 INFO  [log] 
2020-08-12 11:18:52,162 INFO  [log] Status: FINISHED, time taken for TestCase was: 9988 ms
2020-08-12 11:18:52,163 INFO  [log] Number of test steps which ran: 6
2020-08-12 11:18:52,169 INFO  [log] saroha.anjana09428@gmail.com
2020-08-12 11:18:52,171 INFO  [log] Anjana2198
2020-08-12 11:18:52,178 INFO  [log] Saroha2098
2020-08-12 11:18:53,031 INFO  [log] 
2020-08-12 11:19:01,879 INFO  [log] Status: FINISHED, time taken for TestCase was: 9649 ms
2020-08-12 11:19:01,880 INFO  [log] Number of test steps which ran: 6
